<?xml version="1.0" encoding="UTF-8"?>
<!-- Generated by org.testng.reporters.JUnitReportReporter -->
<testsuite skipped="0" hostname="DESKTOP-CPO8R39" name="com.tests.HomePageTest" tests="1" failures="0" timestamp="2022-05-18T14:59:23 IST" time="64.327" errors="0">
  <testcase name="verifyTotalPriceInCart" time="64.327" classname="com.tests.HomePageTest"/>
  <system-out/>
</testsuite> <!-- com.tests.HomePageTest -->
