<?xml version="1.0" encoding="UTF-8"?>
<!-- Generated by org.testng.reporters.JUnitReportReporter -->
<testsuite skipped="0" hostname="DESKTOP-CPO8R39" name="com.tests.OfficeTest" tests="1" failures="0" timestamp="2022-06-01T21:24:43 IST" time="22.228" errors="0">
  <testcase name="verifyNumberOfItemsAfterChoosingSize" time="22.228" classname="com.tests.OfficeTest"/>
  <system-out/>
</testsuite> <!-- com.tests.OfficeTest -->
