<?xml version="1.0" encoding="UTF-8"?>
<!-- Generated by org.testng.reporters.JUnitReportReporter -->
<testsuite skipped="0" hostname="DESKTOP-CPO8R39" name="com.tests.NewProductsTest" tests="1" failures="0" timestamp="2022-05-20T17:27:18 IST" time="28.835" errors="0">
  <testcase name="verifyNumberOfItemsAfterChoosingSize" time="28.835" classname="com.tests.NewProductsTest"/>
  <system-out/>
</testsuite> <!-- com.tests.NewProductsTest -->
